[20260221_2000] 자동 콘텐츠 생성 시작
🔍 Reddit RSS 조사 중...
선택된 RSS: 
선정된 주제: 기술 트렌드 분석
🔍 디시인사이드 조사 중...
디시 주제: 추석 MANHWA (추천 2046)
📝 GitHub Issue 등록 중...
GitHub CLI 미설치
✍️ 블로그 글 작성 중...
새 글 ID: 199
🖼️ 이미지 다운로드 중...
이미지 저장: images/post-auto-post-20260221-2000.jpg
posts.json 업데이트 완료
🚀 GitHub 배포 중...
✅ 푸시 성공!
✅ 완료! (20260221_2000)
로그: /Users/lily/.openclaw/workspace/catcatbuilder/.auto_content/log_20260221_2000.txt
[20260221_2100] 자동 콘텐츠 생성 시작
🔍 Reddit RSS 조사 중...
선택된 RSS: https://www.reddit.com/r/technology/top/.rss?t=day
선정된 주제: 기술 트렌드 분석
🔍 디시인사이드 조사 중...
디시 주제: 추석 MANHWA (추천 2046)
📝 GitHub Issue 등록 중...
GitHub CLI 미설치
✍️ 블로그 글 작성 중...
새 글 ID: 200
🖼️ 이미지 다운로드 중...
이미지 저장: images/post-auto-post-20260221-2100.jpg
posts.json 업데이트 완료
🚀 GitHub 배포 중...
✅ 푸시 성공!
✅ 완료! (20260221_2100)
로그: /Users/lily/.openclaw/workspace/catcatbuilder/.auto_content/log_20260221_2100.txt
[20260221_2200] 자동 콘텐츠 생성 시작
🔍 Reddit RSS 조사 중...
선택된 RSS: https://www.reddit.com/r/programming/top/.rss?t=day
선정된 주제: 기술 트렌드 분석
🔍 디시인사이드 조사 중...
디시 주제: 추석 MANHWA (추천 2046)
📝 GitHub Issue 등록 중...
GitHub CLI 미설치
✍️ 블로그 글 작성 중...
새 글 ID: 198
🖼️ 이미지 다운로드 중...
이미지 저장: images/post-auto-post-20260221-2200.jpg
📝 posts.json 업데이트 중...
성공
✅ posts.json 업데이트 완료
🚀 GitHub 배포 중...
✅ 푸시 성공!
✅ 완료! (20260221_2200)
로그: /Users/lily/.openclaw/workspace/catcatbuilder/.auto_content/log_20260221_2200.txt
[20260221_2300] 자동 콘텐츠 생성 시작
🔍 Reddit RSS 조사 중...
선택된 RSS: https://www.reddit.com/r/technology/top/.rss?t=day
선정된 주제: 기술 트렌드 분석
🔍 디시인사이드 조사 중...
디시 주제: 추석 MANHWA (추천 2046)
📝 GitHub Issue 등록 중...
⚠️ GitHub CLI 미설치 또는 토큰 없음
✍️ 블로그 글 작성 중...
새 글 ID: 199
🖼️ 이미지 다운로드 중...
이미지 저장: images/post-auto-post-20260221-2300.jpg
📝 posts.json 업데이트 중...
성공
✅ posts.json 업데이트 완료
🚀 GitHub 배포 중...
✅ 푸시 성공!
✅ 완료! (20260221_2300)
로그: /Users/lily/.openclaw/workspace/catcatbuilder/.auto_content/log_20260221_2300.txt
[20260222_0000] 자동 콘텐츠 생성 시작
🔍 Reddit RSS 조사 중...
선택된 RSS: https://www.reddit.com/r/technology/top/.rss?t=day
선정된 주제: 기술 트렌드 분석
🔍 디시인사이드 조사 중...
디시 주제: 추석 MANHWA (추천 2046)
📝 GitHub Issue 등록 중...
⚠️ GitHub CLI 미설치 또는 토큰 없음
✍️ 블로그 글 작성 중...
새 글 ID: 200
🖼️ 이미지 다운로드 중...
이미지 저장: images/post-auto-post-20260222-0000.jpg
📝 posts.json 업데이트 중...
성공
✅ posts.json 업데이트 완료
🚀 GitHub 배포 중...
✅ 푸시 성공!
✅ 완료! (20260222_0000)
로그: /Users/lily/.openclaw/workspace/catcatbuilder/.auto_content/log_20260222_0000.txt
[20260222_0100] 자동 콘텐츠 생성 시작
🔍 Reddit RSS 조사 중...
선택된 RSS: https://www.reddit.com/r/technology/top/.rss?t=day
선정된 주제: 기술 트렌드 분석
🔍 디시인사이드 조사 중...
디시 주제: 추석 MANHWA (추천 2046)
📝 GitHub Issue 등록 중...
⚠️ GitHub CLI 미설치 또는 토큰 없음
✍️ 블로그 글 작성 중...
새 글 ID: 201
🖼️ 이미지 다운로드 중...
이미지 저장: images/post-auto-post-20260222-0100.jpg
📝 posts.json 업데이트 중...
성공
✅ posts.json 업데이트 완료
🚀 GitHub 배포 중...
✅ 푸시 성공!
✅ 완료! (20260222_0100)
로그: /Users/lily/.openclaw/workspace/catcatbuilder/.auto_content/log_20260222_0100.txt
[20260222_0200] 자동 콘텐츠 생성 시작
🔍 Reddit RSS 조사 중...
선택된 RSS: https://www.reddit.com/r/apple/top/.rss?t=day
선정된 주제: 기술 트렌드 분석
🔍 디시인사이드 조사 중...
디시 주제: 추석 MANHWA (추천 2046)
📝 GitHub Issue 등록 중...
⚠️ GitHub CLI 미설치 또는 토큰 없음
✍️ 블로그 글 작성 중...
새 글 ID: 202
🖼️ 이미지 다운로드 중...
이미지 저장: images/post-auto-post-20260222-0200.jpg
📝 posts.json 업데이트 중...
성공
✅ posts.json 업데이트 완료
🚀 GitHub 배포 중...
✅ 푸시 성공!
✅ 완료! (20260222_0200)
로그: /Users/lily/.openclaw/workspace/catcatbuilder/.auto_content/log_20260222_0200.txt
[20260222_0300] 자동 콘텐츠 생성 시작
🔍 Reddit RSS 조사 중...
선택된 RSS: https://www.reddit.com/r/apple/top/.rss?t=day
선정된 주제: 기술 트렌드 분석
🔍 디시인사이드 조사 중...
디시 주제: 추석 MANHWA (추천 2046)
📝 GitHub Issue 등록 중...
⚠️ GitHub CLI 미설치 또는 토큰 없음
✍️ 블로그 글 작성 중...
새 글 ID: 203
🖼️ 이미지 다운로드 중...
이미지 저장: images/post-auto-post-20260222-0300.jpg
📝 posts.json 업데이트 중...
성공
✅ posts.json 업데이트 완료
🚀 GitHub 배포 중...
✅ 푸시 성공!
✅ 완료! (20260222_0300)
로그: /Users/lily/.openclaw/workspace/catcatbuilder/.auto_content/log_20260222_0300.txt
[20260222_0400] 자동 콘텐츠 생성 시작
🔍 Reddit RSS 조사 중...
선택된 RSS: 
선정된 주제: 기술 트렌드 분석
🔍 디시인사이드 조사 중...
디시 주제: 추석 MANHWA (추천 2046)
📝 GitHub Issue 등록 중...
⚠️ GitHub CLI 미설치 또는 토큰 없음
✍️ 블로그 글 작성 중...
새 글 ID: 204
🖼️ 이미지 다운로드 중...
이미지 저장: images/post-auto-post-20260222-0400.jpg
📝 posts.json 업데이트 중...
성공
✅ posts.json 업데이트 완료
🚀 GitHub 배포 중...
✅ 푸시 성공!
✅ 완료! (20260222_0400)
로그: /Users/lily/.openclaw/workspace/catcatbuilder/.auto_content/log_20260222_0400.txt
[20260222_0500] 자동 콘텐츠 생성 시작
🔍 Reddit RSS 조사 중...
선택된 RSS: https://www.reddit.com/r/programming/top/.rss?t=day
선정된 주제: 기술 트렌드 분석
🔍 디시인사이드 조사 중...
디시 주제: 추석 MANHWA (추천 2046)
📝 GitHub Issue 등록 중...
⚠️ GitHub CLI 미설치 또는 토큰 없음
✍️ 블로그 글 작성 중...
새 글 ID: 205
🖼️ 이미지 다운로드 중...
이미지 저장: images/post-auto-post-20260222-0500.jpg
📝 posts.json 업데이트 중...
성공
✅ posts.json 업데이트 완료
🚀 GitHub 배포 중...
✅ 푸시 성공!
✅ 완료! (20260222_0500)
로그: /Users/lily/.openclaw/workspace/catcatbuilder/.auto_content/log_20260222_0500.txt
[20260222_0600] 자동 콘텐츠 생성 시작
🔍 Reddit RSS 조사 중...
선택된 RSS: https://www.reddit.com/r/apple/top/.rss?t=day
선정된 주제: 기술 트렌드 분석
🔍 디시인사이드 조사 중...
디시 주제: 추석 MANHWA (추천 2046)
📝 GitHub Issue 등록 중...
⚠️ GitHub CLI 미설치 또는 토큰 없음
✍️ 블로그 글 작성 중...
새 글 ID: 206
🖼️ 이미지 다운로드 중...
이미지 저장: images/post-auto-post-20260222-0600.jpg
📝 posts.json 업데이트 중...
성공
✅ posts.json 업데이트 완료
🚀 GitHub 배포 중...
✅ 푸시 성공!
✅ 완료! (20260222_0600)
로그: /Users/lily/.openclaw/workspace/catcatbuilder/.auto_content/log_20260222_0600.txt
[20260222_0700] 자동 콘텐츠 생성 시작
🔍 Reddit RSS 조사 중...
선택된 RSS: https://www.reddit.com/r/programming/top/.rss?t=day
선정된 주제: 기술 트렌드 분석
🔍 디시인사이드 조사 중...
디시 주제: 추석 MANHWA (추천 2046)
📝 GitHub Issue 등록 중...
⚠️ GitHub CLI 미설치 또는 토큰 없음
✍️ 블로그 글 작성 중...
새 글 ID: 207
🖼️ 이미지 다운로드 중...
이미지 저장: images/post-auto-post-20260222-0700.jpg
📝 posts.json 업데이트 중...
성공
✅ posts.json 업데이트 완료
🚀 GitHub 배포 중...
✅ 푸시 성공!
✅ 완료! (20260222_0700)
로그: /Users/lily/.openclaw/workspace/catcatbuilder/.auto_content/log_20260222_0700.txt
[20260222_0800] 자동 콘텐츠 생성 시작
🔍 Reddit RSS 조사 중...
선택된 RSS: https://www.reddit.com/r/apple/top/.rss?t=day
선정된 주제: 기술 트렌드 분석
🔍 디시인사이드 조사 중...
디시 주제: 추석 MANHWA (추천 2046)
📝 GitHub Issue 등록 중...
⚠️ GitHub CLI 미설치 또는 토큰 없음
✍️ 블로그 글 작성 중...
새 글 ID: 208
🖼️ 이미지 다운로드 중...
이미지 저장: images/post-auto-post-20260222-0800.jpg
📝 posts.json 업데이트 중...
성공
✅ posts.json 업데이트 완료
🚀 GitHub 배포 중...
✅ 푸시 성공!
✅ 완료! (20260222_0800)
로그: /Users/lily/.openclaw/workspace/catcatbuilder/.auto_content/log_20260222_0800.txt
[20260222_0900] 자동 콘텐츠 생성 시작
🔍 Reddit RSS 조사 중...
선택된 RSS: https://www.reddit.com/r/apple/top/.rss?t=day
선정된 주제: 기술 트렌드 분석
🔍 디시인사이드 조사 중...
디시 주제: 추석 MANHWA (추천 2046)
📝 GitHub Issue 등록 중...
⚠️ GitHub CLI 미설치 또는 토큰 없음
✍️ 블로그 글 작성 중...
새 글 ID: 209
🖼️ 이미지 다운로드 중...
이미지 저장: images/post-auto-post-20260222-0900.jpg
📝 posts.json 업데이트 중...
성공
✅ posts.json 업데이트 완료
🚀 GitHub 배포 중...
✅ 푸시 성공!
✅ 완료! (20260222_0900)
로그: /Users/lily/.openclaw/workspace/catcatbuilder/.auto_content/log_20260222_0900.txt
[20260222_1000] 자동 콘텐츠 생성 시작
🔍 Reddit RSS 조사 중...
선택된 RSS: https://www.reddit.com/r/programming/top/.rss?t=day
선정된 주제: 기술 트렌드 분석
🔍 디시인사이드 조사 중...
디시 주제: 추석 MANHWA (추천 2046)
📝 GitHub Issue 등록 중...
⚠️ GitHub CLI 미설치 또는 토큰 없음
✍️ 블로그 글 작성 중...
새 글 ID: 210
🖼️ 이미지 다운로드 중...
이미지 저장: images/post-auto-post-20260222-1000.jpg
📝 posts.json 업데이트 중...
성공
✅ posts.json 업데이트 완료
🚀 GitHub 배포 중...
✅ 푸시 성공!
✅ 완료! (20260222_1000)
로그: /Users/lily/.openclaw/workspace/catcatbuilder/.auto_content/log_20260222_1000.txt
[20260222_1100] 자동 콘텐츠 생성 시작
🔍 Reddit RSS 조사 중...
선택된 RSS: https://www.reddit.com/r/apple/top/.rss?t=day
선정된 주제: 기술 트렌드 분석
🔍 디시인사이드 조사 중...
디시 주제: 추석 MANHWA (추천 2046)
📝 GitHub Issue 등록 중...
⚠️ GitHub CLI 미설치 또는 토큰 없음
✍️ 블로그 글 작성 중...
새 글 ID: 211
🖼️ 이미지 다운로드 중...
이미지 저장: images/post-auto-post-20260222-1100.jpg
📝 posts.json 업데이트 중...
성공
✅ posts.json 업데이트 완료
🚀 GitHub 배포 중...
✅ 푸시 성공!
✅ 완료! (20260222_1100)
로그: /Users/lily/.openclaw/workspace/catcatbuilder/.auto_content/log_20260222_1100.txt
[20260222_1200] 자동 콘텐츠 생성 시작
🔍 Reddit RSS 조사 중...
선택된 RSS: https://www.reddit.com/r/technology/top/.rss?t=day
선정된 주제: 기술 트렌드 분석
🔍 디시인사이드 조사 중...
디시 주제: 추석 MANHWA (추천 2046)
📝 GitHub Issue 등록 중...
⚠️ GitHub CLI 미설치 또는 토큰 없음
✍️ 블로그 글 작성 중...
새 글 ID: 212
🖼️ 이미지 다운로드 중...
이미지 저장: images/post-auto-post-20260222-1200.jpg
📝 posts.json 업데이트 중...
성공
✅ posts.json 업데이트 완료
🚀 GitHub 배포 중...
✅ 푸시 성공!
✅ 완료! (20260222_1200)
로그: /Users/lily/.openclaw/workspace/catcatbuilder/.auto_content/log_20260222_1200.txt
